[2025-11-09 16:08:36,747: INFO: common: YAML file: config\config.yaml loaded successfully]
[2025-11-09 16:08:36,750: INFO: common: YAML file: params.yaml loaded successfully]
[2025-11-09 16:08:36,752: INFO: common: YAML file: schema.yaml loaded successfully]
[2025-11-09 16:08:36,753: INFO: common: Directory created at: artifacts]
[2025-11-09 16:17:55,546: INFO: common: YAML file: config\config.yaml loaded successfully]
[2025-11-09 16:17:55,552: INFO: common: YAML file: params.yaml loaded successfully]
[2025-11-09 16:17:55,554: INFO: common: YAML file: schema.yaml loaded successfully]
[2025-11-09 16:17:55,555: INFO: common: Directory created at: artifacts]
[2025-11-09 16:17:55,556: INFO: common: Directory created at: artifacts/data_ingestion]
[2025-11-09 16:17:57,191: INFO: 93487085: File: artifacts/data_ingestion/data.zip downloaded with following info: 
Connection: close
Content-Length: 23329
Cache-Control: max-age=300
Content-Security-Policy: default-src 'none'; style-src 'unsafe-inline'; sandbox
Content-Type: application/zip
ETag: "c69888a4ae59bc5a893392785a938ccd4937981c06ba8a9d6a21aa52b4ab5b6e"
Strict-Transport-Security: max-age=31536000
X-Content-Type-Options: nosniff
X-Frame-Options: deny
X-XSS-Protection: 1; mode=block
X-GitHub-Request-Id: C42E:1D86D8:22EC12:53F903:69106AF0
Accept-Ranges: bytes
Date: Sun, 09 Nov 2025 10:20:42 GMT
Via: 1.1 varnish
X-Served-By: cache-qpg120098-QPG
X-Cache: MISS
X-Cache-Hits: 0
X-Timer: S1762683642.136702,VS0,VE248
Vary: Authorization,Accept-Encoding
Access-Control-Allow-Origin: *
Cross-Origin-Resource-Policy: cross-origin
X-Fastly-Request-ID: 6044061a9a80641922f7ba6ccbc82a4d011637ea
Expires: Sun, 09 Nov 2025 10:25:42 GMT
Source-Age: 0

]
[2025-11-09 16:18:39,811: INFO: common: YAML file: config\config.yaml loaded successfully]
[2025-11-09 16:18:39,813: INFO: common: YAML file: params.yaml loaded successfully]
[2025-11-09 16:18:39,815: INFO: common: YAML file: schema.yaml loaded successfully]
[2025-11-09 16:18:39,816: INFO: common: Directory created at: artifacts]
[2025-11-09 16:18:39,818: INFO: common: Directory created at: artifacts/data_ingestion]
[2025-11-09 16:18:39,819: INFO: 93487085: File already exists of size: 23329]
[2025-11-09 16:19:49,588: INFO: common: YAML file: config\config.yaml loaded successfully]
[2025-11-09 16:19:49,604: INFO: common: YAML file: params.yaml loaded successfully]
[2025-11-09 16:19:49,604: INFO: common: YAML file: schema.yaml loaded successfully]
[2025-11-09 16:19:49,604: INFO: common: Directory created at: artifacts]
[2025-11-09 16:19:49,620: INFO: common: Directory created at: artifacts/data_ingestion]
[2025-11-09 16:19:49,626: INFO: 93487085: File already exists of size: 23329]
[2025-11-09 16:20:45,606: INFO: common: YAML file: config\config.yaml loaded successfully]
[2025-11-09 16:20:45,608: INFO: common: YAML file: params.yaml loaded successfully]
[2025-11-09 16:20:45,610: INFO: common: YAML file: schema.yaml loaded successfully]
[2025-11-09 16:20:45,611: INFO: common: Directory created at: artifacts]
[2025-11-09 16:20:45,612: INFO: common: Directory created at: artifacts/data_ingestion]
[2025-11-09 16:20:45,614: INFO: 938239821: File already exists of size: 23329]
[2025-11-09 16:20:45,766: INFO: 2064736844: Data Ingestion completed successfully.]
